123 [Function: handler] EventEmitter {
  _events: [Object: null prototype] {
    error: [Function (anonymous)],
    push: [Function (anonymous)]
  },
  _eventsCount: 2,
  _maxListeners: undefined,
  sign: [Function: sign],
  verify: [Function: verify],
  [Symbol(kCapture)]: false
}
123 [Function: handler] EventEmitter {
  _events: [Object: null prototype] {
    error: [Function (anonymous)],
    push: [Function (anonymous)]
  },
  _eventsCount: 2,
  _maxListeners: undefined,
  sign: [Function: sign],
  verify: [Function: verify],
  [Symbol(kCapture)]: false
}
123 [Function: handler] EventEmitter {
  _events: [Object: null prototype] {
    error: [Function (anonymous)],
    push: [Function (anonymous)]
  },
  _eventsCount: 2,
  _maxListeners: undefined,
  sign: [Function: sign],
  verify: [Function: verify],
  [Symbol(kCapture)]: false
}
123 [Function: handler] EventEmitter {
  _events: [Object: null prototype] {
    error: [Function (anonymous)],
    push: [Function (anonymous)]
  },
  _eventsCount: 2,
  _maxListeners: undefined,
  sign: [Function: sign],
  verify: [Function: verify],
  [Symbol(kCapture)]: false
}
123 [Function: handler] EventEmitter {
  _events: [Object: null prototype] {
    error: [Function (anonymous)],
    push: [Function (anonymous)]
  },
  _eventsCount: 2,
  _maxListeners: undefined,
  sign: [Function: sign],
  verify: [Function: verify],
  [Symbol(kCapture)]: false
}
123 [Function: handler] EventEmitter {
  _events: [Object: null prototype] {
    error: [Function (anonymous)],
    push: [Function (anonymous)]
  },
  _eventsCount: 2,
  _maxListeners: undefined,
  sign: [Function: sign],
  verify: [Function: verify],
  [Symbol(kCapture)]: false
}
123 [Function: handler] EventEmitter {
  _events: [Object: null prototype] {
    error: [Function (anonymous)],
    push: [Function (anonymous)]
  },
  _eventsCount: 2,
  _maxListeners: undefined,
  sign: [Function: sign],
  verify: [Function: verify],
  [Symbol(kCapture)]: false
}
123 [Function: handler] EventEmitter {
  _events: [Object: null prototype] {
    error: [Function (anonymous)],
    push: [Function (anonymous)]
  },
  _eventsCount: 2,
  _maxListeners: undefined,
  sign: [Function: sign],
  verify: [Function: verify],
  [Symbol(kCapture)]: false
}
123 [Function: handler] EventEmitter {
  _events: [Object: null prototype] {
    error: [Function (anonymous)],
    push: [Function (anonymous)]
  },
  _eventsCount: 2,
  _maxListeners: undefined,
  sign: [Function: sign],
  verify: [Function: verify],
  [Symbol(kCapture)]: false
}
123 [Function: handler] EventEmitter {
  _events: [Object: null prototype] {
    error: [Function (anonymous)],
    push: [Function (anonymous)]
  },
  _eventsCount: 2,
  _maxListeners: undefined,
  sign: [Function: sign],
  verify: [Function: verify],
  [Symbol(kCapture)]: false
}
123 [Function: handler] EventEmitter {
  _events: [Object: null prototype] {
    error: [Function (anonymous)],
    push: [Function (anonymous)]
  },
  _eventsCount: 2,
  _maxListeners: undefined,
  sign: [Function: sign],
  verify: [Function: verify],
  [Symbol(kCapture)]: false
}
123 [Function: handler] EventEmitter {
  _events: [Object: null prototype] {
    error: [Function (anonymous)],
    push: [Function (anonymous)]
  },
  _eventsCount: 2,
  _maxListeners: undefined,
  sign: [Function: sign],
  verify: [Function: verify],
  [Symbol(kCapture)]: false
}
123 [Function: handler] EventEmitter {
  _events: [Object: null prototype] {
    error: [Function (anonymous)],
    push: [Function (anonymous)]
  },
  _eventsCount: 2,
  _maxListeners: undefined,
  sign: [Function: sign],
  verify: [Function: verify],
  [Symbol(kCapture)]: false
}
123 [Function: handler] EventEmitter {
  _events: [Object: null prototype] {
    error: [Function (anonymous)],
    push: [Function (anonymous)]
  },
  _eventsCount: 2,
  _maxListeners: undefined,
  sign: [Function: sign],
  verify: [Function: verify],
  [Symbol(kCapture)]: false
}
123 [Function: handler] EventEmitter {
  _events: [Object: null prototype] {
    error: [Function (anonymous)],
    push: [Function (anonymous)]
  },
  _eventsCount: 2,
  _maxListeners: undefined,
  sign: [Function: sign],
  verify: [Function: verify],
  [Symbol(kCapture)]: false
}
123 [Function: handler] EventEmitter {
  _events: [Object: null prototype] {
    error: [Function (anonymous)],
    push: [Function (anonymous)]
  },
  _eventsCount: 2,
  _maxListeners: undefined,
  sign: [Function: sign],
  verify: [Function: verify],
  [Symbol(kCapture)]: false
}
123 [Function: handler] EventEmitter {
  _events: [Object: null prototype] {
    error: [Function (anonymous)],
    push: [Function (anonymous)]
  },
  _eventsCount: 2,
  _maxListeners: undefined,
  sign: [Function: sign],
  verify: [Function: verify],
  [Symbol(kCapture)]: false
}
123 [Function: handler] EventEmitter {
  _events: [Object: null prototype] {
    error: [Function (anonymous)],
    push: [Function (anonymous)]
  },
  _eventsCount: 2,
  _maxListeners: undefined,
  sign: [Function: sign],
  verify: [Function: verify],
  [Symbol(kCapture)]: false
}
123 [Function: handler] EventEmitter {
  _events: [Object: null prototype] {
    error: [Function (anonymous)],
    push: [Function (anonymous)]
  },
  _eventsCount: 2,
  _maxListeners: undefined,
  sign: [Function: sign],
  verify: [Function: verify],
  [Symbol(kCapture)]: false
}
123 [Function: handler] EventEmitter {
  _events: [Object: null prototype] {
    error: [Function (anonymous)],
    push: [Function (anonymous)]
  },
  _eventsCount: 2,
  _maxListeners: undefined,
  sign: [Function: sign],
  verify: [Function: verify],
  [Symbol(kCapture)]: false
}
123 [Function: handler] EventEmitter {
  _events: [Object: null prototype] {
    error: [Function (anonymous)],
    push: [Function (anonymous)]
  },
  _eventsCount: 2,
  _maxListeners: undefined,
  sign: [Function: sign],
  verify: [Function: verify],
  [Symbol(kCapture)]: false
}
123 [Function: handler] EventEmitter {
  _events: [Object: null prototype] {
    error: [Function (anonymous)],
    push: [Function (anonymous)]
  },
  _eventsCount: 2,
  _maxListeners: undefined,
  sign: [Function: sign],
  verify: [Function: verify],
  [Symbol(kCapture)]: false
}
123 [Function: handler] EventEmitter {
  _events: [Object: null prototype] {
    error: [Function (anonymous)],
    push: [Function (anonymous)]
  },
  _eventsCount: 2,
  _maxListeners: undefined,
  sign: [Function: sign],
  verify: [Function: verify],
  [Symbol(kCapture)]: false
}
